<?xml version="1.0" encoding="UTF-8"?>
<testng-results skipped="0" failed="0" ignored="3" total="4" passed="1">
  <reporter-output>
  </reporter-output>
  <suite name="Suite" duration-ms="15" started-at="2017-09-21T19:07:55Z" finished-at="2017-09-21T19:07:55Z">
    <groups>
      <group name="group1">
        <method signature="GroupTest.firstGroup()[pri:0, instance:com.testNG.example.GroupTest@402f32ff]" name="firstGroup" class="com.testNG.example.GroupTest"/>
      </group> <!-- group1 -->
    </groups>
    <test name="testcases" duration-ms="15" started-at="2017-09-21T19:07:55Z" finished-at="2017-09-21T19:07:55Z">
      <class name="com.testNG.example.GroupTest">
        <test-method status="PASS" signature="firstGroup()[pri:0, instance:com.testNG.example.GroupTest@402f32ff]" name="firstGroup" duration-ms="0" started-at="2017-09-21T15:07:55Z" finished-at="2017-09-21T15:07:55Z">
          <reporter-output>
          </reporter-output>
        </test-method> <!-- firstGroup -->
      </class> <!-- com.testNG.example.GroupTest -->
    </test> <!-- testcases -->
  </suite> <!-- Suite -->
</testng-results>
