<?xml version="1.0" encoding="UTF-8"?>
<testng-results skipped="0" failed="0" ignored="0" total="6" passed="6">
  <reporter-output>
  </reporter-output>
  <suite name="Default suite" duration-ms="47" started-at="2017-09-22T17:25:57Z" finished-at="2017-09-22T17:25:57Z">
    <groups>
      <group name="group2">
        <method signature="GroupTest.secondGroup()[pri:0, instance:com.testNG.example.GroupTest@2b6856dd]" name="secondGroup" class="com.testNG.example.GroupTest"/>
      </group> <!-- group2 -->
      <group name="group1">
        <method signature="GroupTest.firstGroup()[pri:0, instance:com.testNG.example.GroupTest@2b6856dd]" name="firstGroup" class="com.testNG.example.GroupTest"/>
      </group> <!-- group1 -->
    </groups>
    <test name="Default test" duration-ms="47" started-at="2017-09-22T17:25:57Z" finished-at="2017-09-22T17:25:57Z">
      <class name="com.testNG.example.GroupTest">
        <test-method status="PASS" signature="firstGroup()[pri:0, instance:com.testNG.example.GroupTest@2b6856dd]" name="firstGroup" duration-ms="0" started-at="2017-09-22T13:25:57Z" finished-at="2017-09-22T13:25:57Z">
          <reporter-output>
          </reporter-output>
        </test-method> <!-- firstGroup -->
        <test-method status="PASS" signature="secondGroup()[pri:0, instance:com.testNG.example.GroupTest@2b6856dd]" name="secondGroup" duration-ms="0" started-at="2017-09-22T13:25:57Z" finished-at="2017-09-22T13:25:57Z">
          <reporter-output>
          </reporter-output>
        </test-method> <!-- secondGroup -->
      </class> <!-- com.testNG.example.GroupTest -->
      <class name="com.testNG.example.secondNGdemo">
        <test-method status="PASS" signature="firstTest()[pri:0, instance:com.testNG.example.secondNGdemo@5db45159]" name="firstTest" duration-ms="15" started-at="2017-09-22T13:25:57Z" finished-at="2017-09-22T13:25:57Z">
          <reporter-output>
          </reporter-output>
        </test-method> <!-- firstTest -->
        <test-method status="PASS" signature="secondTest()[pri:0, instance:com.testNG.example.secondNGdemo@5db45159]" name="secondTest" duration-ms="0" started-at="2017-09-22T13:25:57Z" depends-on-methods="com.testNG.example.secondNGdemo.firstTest" finished-at="2017-09-22T13:25:57Z">
          <reporter-output>
          </reporter-output>
        </test-method> <!-- secondTest -->
      </class> <!-- com.testNG.example.secondNGdemo -->
      <class name="com.testNG.example.testNGdemo">
        <test-method status="PASS" signature="beforetest()[pri:0, instance:com.testNG.example.testNGdemo@37e547da]" name="beforetest" is-config="true" duration-ms="16" started-at="2017-09-22T13:25:57Z" finished-at="2017-09-22T13:25:57Z">
          <reporter-output>
          </reporter-output>
        </test-method> <!-- beforetest -->
        <test-method status="PASS" signature="firsttest()[pri:0, instance:com.testNG.example.testNGdemo@37e547da]" name="firsttest" duration-ms="0" started-at="2017-09-22T13:25:57Z" finished-at="2017-09-22T13:25:57Z">
          <reporter-output>
          </reporter-output>
        </test-method> <!-- firsttest -->
        <test-method status="PASS" signature="afterMethod()[pri:0, instance:com.testNG.example.testNGdemo@37e547da]" name="afterMethod" is-config="true" duration-ms="0" started-at="2017-09-22T13:25:57Z" finished-at="2017-09-22T13:25:57Z">
          <reporter-output>
          </reporter-output>
        </test-method> <!-- afterMethod -->
        <test-method status="PASS" signature="aftertest()[pri:0, instance:com.testNG.example.testNGdemo@37e547da]" name="aftertest" is-config="true" duration-ms="0" started-at="2017-09-22T13:25:57Z" finished-at="2017-09-22T13:25:57Z">
          <reporter-output>
          </reporter-output>
        </test-method> <!-- aftertest -->
        <test-method status="PASS" signature="secondtest()[pri:0, instance:com.testNG.example.testNGdemo@37e547da]" name="secondtest" duration-ms="0" started-at="2017-09-22T13:25:57Z" finished-at="2017-09-22T13:25:57Z">
          <reporter-output>
          </reporter-output>
        </test-method> <!-- secondtest -->
        <test-method status="PASS" signature="afterMethod()[pri:0, instance:com.testNG.example.testNGdemo@37e547da]" name="afterMethod" is-config="true" duration-ms="0" started-at="2017-09-22T13:25:57Z" finished-at="2017-09-22T13:25:57Z">
          <reporter-output>
          </reporter-output>
        </test-method> <!-- afterMethod -->
        <test-method status="PASS" signature="beforeMethod()[pri:0, instance:com.testNG.example.testNGdemo@37e547da]" name="beforeMethod" is-config="true" duration-ms="0" started-at="2017-09-22T13:25:57Z" finished-at="2017-09-22T13:25:57Z">
          <reporter-output>
          </reporter-output>
        </test-method> <!-- beforeMethod -->
        <test-method status="PASS" signature="beforeMethod()[pri:0, instance:com.testNG.example.testNGdemo@37e547da]" name="beforeMethod" is-config="true" duration-ms="0" started-at="2017-09-22T13:25:57Z" finished-at="2017-09-22T13:25:57Z">
          <reporter-output>
          </reporter-output>
        </test-method> <!-- beforeMethod -->
      </class> <!-- com.testNG.example.testNGdemo -->
    </test> <!-- Default test -->
  </suite> <!-- Default suite -->
</testng-results>
