<?xml version="1.0" encoding="UTF-8"?>
<!-- Generated by org.testng.reporters.JUnitXMLReporter -->
<testsuite hostname="DESKTOP-86065GO" ignored="0" name="Default test" tests="3" failures="0" timestamp="21 Sep 2017 18:08:22 GMT" time="1.034" errors="0">
  <testcase name="firstTest" time="0.0" classname="com.testNG.example.secondNGdemo"/>
  <testcase name="thirdtest" time="1.017" classname="com.testNG.example.secondNGdemo"/>
  <testcase name="secondTest" time="0.0" classname="com.testNG.example.secondNGdemo"/>
</testsuite> <!-- Default test -->
