<?xml version="1.0" encoding="UTF-8"?>
<!-- Generated by org.testng.reporters.JUnitXMLReporter -->
<testsuite hostname="DESKTOP-86065GO" ignored="0" name="testingTestNG" tests="5" failures="0" timestamp="21 Sep 2017 18:20:59 GMT" time="1.034" errors="0">
  <testcase name="firstTest" time="0.015" classname="com.testNG.example.secondNGdemo"/>
  <testcase name="thirdtest" time="1.002" classname="com.testNG.example.secondNGdemo"/>
  <testcase name="secondTest" time="0.0" classname="com.testNG.example.secondNGdemo"/>
  <testcase name="firsttest" time="0.0" classname="com.testNG.example.testNGdemo"/>
  <testcase name="secondtest" time="0.0" classname="com.testNG.example.testNGdemo"/>
</testsuite> <!-- testingTestNG -->
