<?xml version="1.0" encoding="UTF-8"?>
<!-- Generated by org.testng.reporters.JUnitXMLReporter -->
<testsuite hostname="DESKTOP-86065GO" ignored="0" name="Default test" tests="6" failures="0" timestamp="22 Sep 2017 17:25:57 GMT" time="0.047" errors="0">
  <testcase name="firstGroup" time="0.0" classname="com.testNG.example.GroupTest"/>
  <testcase name="secondGroup" time="0.0" classname="com.testNG.example.GroupTest"/>
  <testcase name="firstTest" time="0.015" classname="com.testNG.example.secondNGdemo"/>
  <testcase name="secondTest" time="0.0" classname="com.testNG.example.secondNGdemo"/>
  <testcase name="firsttest" time="0.0" classname="com.testNG.example.testNGdemo"/>
  <testcase name="secondtest" time="0.0" classname="com.testNG.example.testNGdemo"/>
</testsuite> <!-- Default test -->
