<?xml version="1.0" encoding="UTF-8"?>
<!-- Generated by org.testng.reporters.JUnitXMLReporter -->
<testsuite hostname="DESKTOP-86065GO" name="testingTestNG" tests="4" failures="0" timestamp="22 Sep 2017 17:23:10 GMT" time="0.016" errors="0">
  <testcase name="firstTest" time="0.0" classname="com.testNG.example.secondNGdemo"/>
  <testcase name="secondTest" time="0.0" classname="com.testNG.example.secondNGdemo"/>
  <testcase name="firsttest" time="0.0" classname="com.testNG.example.testNGdemo"/>
  <testcase name="secondtest" time="0.0" classname="com.testNG.example.testNGdemo"/>
</testsuite> <!-- testingTestNG -->
