<?xml version="1.0" encoding="UTF-8"?>
<testng-results skipped="0" failed="0" total="4" passed="4">
  <reporter-output>
  </reporter-output>
  <suite name="Automation" duration-ms="16" started-at="2017-09-22T17:23:10Z" finished-at="2017-09-22T17:23:10Z">
    <groups>
    </groups>
    <test name="testingTestNG" duration-ms="16" started-at="2017-09-22T17:23:10Z" finished-at="2017-09-22T17:23:10Z">
      <class name="com.testNG.example.secondNGdemo">
        <test-method status="PASS" signature="secondTest()[pri:0, instance:com.testNG.example.secondNGdemo@511baa65]" name="secondTest" duration-ms="0" started-at="2017-09-22T13:23:10Z" depends-on-methods="com.testNG.example.secondNGdemo.firstTest" finished-at="2017-09-22T13:23:10Z">
          <reporter-output>
          </reporter-output>
        </test-method> <!-- secondTest -->
        <test-method status="PASS" signature="firstTest()[pri:0, instance:com.testNG.example.secondNGdemo@511baa65]" name="firstTest" duration-ms="0" started-at="2017-09-22T13:23:10Z" finished-at="2017-09-22T13:23:10Z">
          <reporter-output>
          </reporter-output>
        </test-method> <!-- firstTest -->
      </class> <!-- com.testNG.example.secondNGdemo -->
      <class name="com.testNG.example.testNGdemo">
        <test-method status="PASS" signature="beforetest()[pri:0, instance:com.testNG.example.testNGdemo@43a25848]" name="beforetest" is-config="true" duration-ms="16" started-at="2017-09-22T13:23:10Z" finished-at="2017-09-22T13:23:10Z">
          <reporter-output>
          </reporter-output>
        </test-method> <!-- beforetest -->
        <test-method status="PASS" signature="afterMethod()[pri:0, instance:com.testNG.example.testNGdemo@43a25848]" name="afterMethod" is-config="true" duration-ms="0" started-at="2017-09-22T13:23:10Z" finished-at="2017-09-22T13:23:10Z">
          <reporter-output>
          </reporter-output>
        </test-method> <!-- afterMethod -->
        <test-method status="PASS" signature="beforeMethod()[pri:0, instance:com.testNG.example.testNGdemo@43a25848]" name="beforeMethod" is-config="true" duration-ms="0" started-at="2017-09-22T13:23:10Z" finished-at="2017-09-22T13:23:10Z">
          <reporter-output>
          </reporter-output>
        </test-method> <!-- beforeMethod -->
        <test-method status="PASS" signature="firsttest()[pri:0, instance:com.testNG.example.testNGdemo@43a25848]" name="firsttest" duration-ms="0" started-at="2017-09-22T13:23:10Z" finished-at="2017-09-22T13:23:10Z">
          <reporter-output>
          </reporter-output>
        </test-method> <!-- firsttest -->
        <test-method status="PASS" signature="afterMethod()[pri:0, instance:com.testNG.example.testNGdemo@43a25848]" name="afterMethod" is-config="true" duration-ms="0" started-at="2017-09-22T13:23:10Z" finished-at="2017-09-22T13:23:10Z">
          <reporter-output>
          </reporter-output>
        </test-method> <!-- afterMethod -->
        <test-method status="PASS" signature="secondtest()[pri:0, instance:com.testNG.example.testNGdemo@43a25848]" name="secondtest" duration-ms="0" started-at="2017-09-22T13:23:10Z" finished-at="2017-09-22T13:23:10Z">
          <reporter-output>
          </reporter-output>
        </test-method> <!-- secondtest -->
        <test-method status="PASS" signature="aftertest()[pri:0, instance:com.testNG.example.testNGdemo@43a25848]" name="aftertest" is-config="true" duration-ms="0" started-at="2017-09-22T13:23:10Z" finished-at="2017-09-22T13:23:10Z">
          <reporter-output>
          </reporter-output>
        </test-method> <!-- aftertest -->
        <test-method status="PASS" signature="beforeMethod()[pri:0, instance:com.testNG.example.testNGdemo@43a25848]" name="beforeMethod" is-config="true" duration-ms="0" started-at="2017-09-22T13:23:10Z" finished-at="2017-09-22T13:23:10Z">
          <reporter-output>
          </reporter-output>
        </test-method> <!-- beforeMethod -->
      </class> <!-- com.testNG.example.testNGdemo -->
    </test> <!-- testingTestNG -->
  </suite> <!-- Automation -->
</testng-results>
