<?xml version="1.0" encoding="UTF-8"?>
<!-- Generated by org.testng.reporters.JUnitXMLReporter -->
<testsuite hostname="DESKTOP-86065GO" ignored="3" name="testcases" tests="1" failures="0" timestamp="21 Sep 2017 19:07:55 GMT" time="0.015" errors="0">
  <testcase name="firstGroup" time="0.0" classname="com.testNG.example.GroupTest"/>
  <testcase name="secondGroup" time="0.0" classname="com.testNG.example.GroupTest">
    <ignored/>
  </testcase> <!-- secondGroup -->
  <testcase name="firstTest" time="0.0" classname="com.testNG.example.secondNGdemo">
    <ignored/>
  </testcase> <!-- firstTest -->
  <testcase name="secondTest" time="0.0" classname="com.testNG.example.secondNGdemo">
    <ignored/>
  </testcase> <!-- secondTest -->
</testsuite> <!-- testcases -->
