<?xml version="1.0" encoding="UTF-8"?>
<testng-results skipped="0" failed="0" total="2" passed="2">
  <reporter-output>
  </reporter-output>
  <suite name="Command line suite" duration-ms="16" started-at="2017-09-22T18:12:05Z" finished-at="2017-09-22T18:12:05Z">
    <groups>
      <group name="group2">
        <method signature="GroupTest.secondGroup()[pri:0, instance:com.testNG.example.GroupTest@129a8472]" name="secondGroup" class="com.testNG.example.GroupTest"/>
      </group> <!-- group2 -->
      <group name="group1">
        <method signature="GroupTest.firstGroup()[pri:0, instance:com.testNG.example.GroupTest@129a8472]" name="firstGroup" class="com.testNG.example.GroupTest"/>
      </group> <!-- group1 -->
    </groups>
    <test name="Command line test" duration-ms="16" started-at="2017-09-22T18:12:05Z" finished-at="2017-09-22T18:12:05Z">
      <class name="com.testNG.example.GroupTest">
        <test-method status="PASS" signature="firstGroup()[pri:0, instance:com.testNG.example.GroupTest@129a8472]" name="firstGroup" duration-ms="16" started-at="2017-09-22T14:12:05Z" finished-at="2017-09-22T14:12:05Z">
          <reporter-output>
          </reporter-output>
        </test-method> <!-- firstGroup -->
        <test-method status="PASS" signature="secondGroup()[pri:0, instance:com.testNG.example.GroupTest@129a8472]" name="secondGroup" duration-ms="0" started-at="2017-09-22T14:12:05Z" finished-at="2017-09-22T14:12:05Z">
          <reporter-output>
          </reporter-output>
        </test-method> <!-- secondGroup -->
      </class> <!-- com.testNG.example.GroupTest -->
    </test> <!-- Command line test -->
  </suite> <!-- Command line suite -->
</testng-results>
